<?xml version="1.0" encoding="UTF-8"?>
<!-- Generated by org.testng.reporters.JUnitReportReporter -->
<testsuite hostname="DESKTOP-ARSNOC3" failures="0" tests="1" name="Multi.Jav" time="0.018" errors="0" timestamp="2024-09-18T19:44:23 IST" skipped="0">
  <testcase classname="Multi.Jav" name="m" time="0.018"/>
</testsuite> <!-- Multi.Jav -->
