<?xml version="1.0" encoding="UTF-8"?>
<!-- Generated by org.testng.reporters.JUnitReportReporter -->
<testsuite hostname="DESKTOP-ARSNOC3" failures="0" tests="1" name="Multi.LoginDataDriven" time="5.739" errors="0" timestamp="2024-09-19T22:20:58 IST" skipped="0">
  <testcase classname="Multi.LoginDataDriven" name="m" time="5.739"/>
</testsuite> <!-- Multi.LoginDataDriven -->
