<?xml version="1.0" encoding="UTF-8"?>
<!-- Generated by org.testng.reporters.JUnitReportReporter -->
<testsuite hostname="DESKTOP-ARSNOC3" failures="0" tests="1" name="Multi.Asser" time="0.109" errors="0" timestamp="2024-09-30T13:51:12 IST" skipped="0">
  <testcase classname="Multi.Asser" name="m" time="0.109"/>
</testsuite> <!-- Multi.Asser -->
