<?xml version="1.0" encoding="UTF-8"?>
<!-- Generated by org.testng.reporters.JUnitReportReporter -->
<testsuite hostname="DESKTOP-ARSNOC3" failures="0" tests="1" name="Multi.Ankit" time="15.841" errors="0" timestamp="2024-09-28T15:00:39 IST" skipped="0">
  <testcase classname="Multi.Ankit" name="m" time="15.841"/>
</testsuite> <!-- Multi.Ankit -->
