<?xml version="1.0" encoding="UTF-8"?>
<!-- Generated by org.testng.reporters.JUnitReportReporter -->
<testsuite hostname="DESKTOP-ARSNOC3" failures="0" tests="1" name="Multi.Color" time="3.697" errors="0" timestamp="2024-09-19T11:43:23 IST" skipped="0">
  <testcase classname="Multi.Color" name="m" time="3.697"/>
</testsuite> <!-- Multi.Color -->
