<?xml version="1.0" encoding="UTF-8"?>
<!-- Generated by org.testng.reporters.JUnitReportReporter -->
<testsuite hostname="DESKTOP-ARSNOC3" failures="0" tests="1" name="Multi.Asser" time="0.127" errors="0" timestamp="2024-10-02T12:19:50 IST" skipped="0">
  <testcase classname="Multi.Asser" name="m" time="0.127"/>
</testsuite> <!-- Multi.Asser -->
