<?xml version="1.0" encoding="UTF-8"?>
<!-- Generated by org.testng.reporters.JUnitReportReporter -->
<testsuite hostname="DESKTOP-FKP06KN" failures="0" tests="1" name="TESTDATA.Pra" time="0.020" errors="0" timestamp="2024-09-11T13:18:57 IST" skipped="0">
  <testcase classname="TESTDATA.Pra" name="m" time="0.020"/>
</testsuite> <!-- TESTDATA.Pra -->
