<?xml version="1.0" encoding="UTF-8"?>
<!-- Generated by org.testng.reporters.JUnitReportReporter -->
<testsuite hostname="DESKTOP-ARSNOC3" failures="0" tests="1" name="Multi.Tests" time="7.117" errors="0" timestamp="2024-09-29T12:29:40 IST" skipped="0">
  <testcase classname="Multi.Tests" name="m" time="7.117"/>
</testsuite> <!-- Multi.Tests -->
