<?xml version="1.0" encoding="UTF-8"?>
<!-- Generated by org.testng.reporters.JUnitReportReporter -->
<testsuite hostname="DESKTOP-ARSNOC3" failures="0" tests="1" name="Multi.KeySet" time="0.014" errors="0" timestamp="2024-09-19T12:32:28 IST" skipped="0">
  <testcase classname="Multi.KeySet" name="m" time="0.014"/>
</testsuite> <!-- Multi.KeySet -->
