<?xml version="1.0" encoding="UTF-8"?>
<!-- Generated by org.testng.reporters.JUnitReportReporter -->
<testsuite hostname="DESKTOP-ARSNOC3" failures="0" tests="1" name="Multi.Practice" time="0.017" errors="0" timestamp="2024-09-25T18:34:13 IST" skipped="0">
  <testcase classname="Multi.Practice" name="m" time="0.017"/>
</testsuite> <!-- Multi.Practice -->
