<?xml version="1.0" encoding="UTF-8"?>
<!-- Generated by org.testng.reporters.JUnitReportReporter -->
<testsuite hostname="DESKTOP-FKP06KN" failures="0" tests="3" name="Multi.Mul" time="0.006" errors="0" timestamp="2024-09-08T18:57:43 IST" skipped="0">
  <testcase classname="Multi.Mul" name="m5" time="0.001"/>
  <testcase classname="Multi.Mul" name="m2" time="0.002"/>
  <testcase classname="Multi.Mul" name="m9" time="0.003"/>
</testsuite> <!-- Multi.Mul -->
